# JRE version: OpenJDK Runtime Environment Temurin-21.0.7+6 (21.0.7+6) (build 21.0.7+6-LTS)
# Java VM: OpenJDK 64-Bit Server VM Temurin-21.0.7+6 (21.0.7+6-LTS, mixed mode, sharing, tiered, compressed oops, compressed class ptrs, parallel gc, windows-amd64)
GC Precious Log:
 CardTable entry size: 512
 CPUs: 16 total, 16 available
 Memory: 3453M
 Large Page Support: Disabled
 NUMA Support: Disabled
 Compressed Oops: Enabled (32-bit)
 Alignments: Space 512K, Generation 512K, Heap 2M
 Heap Min Capacity: 100M
 Heap Initial Capacity: 100M
 Heap Max Capacity: 1G
 Pre-touch: Disabled
 Parallel Workers: 13
Heap:
 PSYoungGen      total 24576K, used 14940K [0x00000000eab00000, 0x00000000ec680000, 0x0000000100000000)
  eden space 22016K, 56% used [0x00000000eab00000,0x00000000eb71aff0,0x00000000ec080000)
  from space 2560K, 99% used [0x00000000ec080000,0x00000000ec2fc170,0x00000000ec300000)
  to   space 3072K, 0% used [0x00000000ec380000,0x00000000ec380000,0x00000000ec680000)
 ParOldGen       total 68608K, used 25288K [0x00000000c0000000, 0x00000000c4300000, 0x00000000eab00000)
  object space 68608K, 36% used [0x00000000c0000000,0x00000000c18b2278,0x00000000c4300000)
 Metaspace       used 49861K, committed 50944K, reserved 1114112K
  class space    used 5319K, committed 5760K, reserved 1048576K
GC Heap History (20 events):
Event: 36.367 GC heap before
{Heap before GC invocations=12 (full 1):
 PSYoungGen      total 24576K, used 24224K [0x00000000eab00000, 0x00000000ec880000, 0x0000000100000000)
  eden space 23040K, 100% used [0x00000000eab00000,0x00000000ec180000,0x00000000ec180000)
  from space 1536K, 77% used [0x00000000ec700000,0x00000000ec828000,0x00000000ec880000)
  to   space 1536K, 0% used [0x00000000ec580000,0x00000000ec580000,0x00000000ec700000)
 ParOldGen       total 68608K, used 12654K [0x00000000c0000000, 0x00000000c4300000, 0x00000000eab00000)
  object space 68608K, 18% used [0x00000000c0000000,0x00000000c0c5b938,0x00000000c4300000)
 Metaspace       used 27844K, committed 28736K, reserved 1114112K
  class space    used 2653K, committed 3008K, reserved 1048576K
}
Event: 36.378 GC heap after
{Heap after GC invocations=12 (full 1):
 PSYoungGen      total 24064K, used 1529K [0x00000000eab00000, 0x00000000ec900000, 0x0000000100000000)
  eden space 22528K, 0% used [0x00000000eab00000,0x00000000eab00000,0x00000000ec100000)
  from space 1536K, 99% used [0x00000000ec580000,0x00000000ec6fe688,0x00000000ec700000)
  to   space 2048K, 0% used [0x00000000ec700000,0x00000000ec700000,0x00000000ec900000)
 ParOldGen       total 68608K, used 14522K [0x00000000c0000000, 0x00000000c4300000, 0x00000000eab00000)
  object space 68608K, 21% used [0x00000000c0000000,0x00000000c0e2ea00,0x00000000c4300000)
 Metaspace       used 27844K, committed 28736K, reserved 1114112K
  class space    used 2653K, committed 3008K, reserved 1048576K
}
Event: 36.862 GC heap before
{Heap before GC invocations=13 (full 1):
 PSYoungGen      total 24064K, used 24027K [0x00000000eab00000, 0x00000000ec900000, 0x0000000100000000)
  eden space 22528K, 99% used [0x00000000eab00000,0x00000000ec0f8848,0x00000000ec100000)
  from space 1536K, 99% used [0x00000000ec580000,0x00000000ec6fe688,0x00000000ec700000)
  to   space 2048K, 0% used [0x00000000ec700000,0x00000000ec700000,0x00000000ec900000)
 ParOldGen       total 68608K, used 14522K [0x00000000c0000000, 0x00000000c4300000, 0x00000000eab00000)
  object space 68608K, 21% used [0x00000000c0000000,0x00000000c0e2ea00,0x00000000c4300000)
 Metaspace       used 29873K, committed 30720K, reserved 1114112K
  class space    used 2912K, committed 3264K, reserved 1048576K
}
Event: 36.865 GC heap after
{Heap after GC invocations=13 (full 1):
 PSYoungGen      total 23552K, used 1395K [0x00000000eab00000, 0x00000000ec880000, 0x0000000100000000)
  eden space 22016K, 0% used [0x00000000eab00000,0x00000000eab00000,0x00000000ec080000)
  from space 1536K, 90% used [0x00000000ec700000,0x00000000ec85ccf0,0x00000000ec880000)
  to   space 2560K, 0% used [0x00000000ec380000,0x00000000ec380000,0x00000000ec600000)
 ParOldGen       total 68608K, used 15661K [0x00000000c0000000, 0x00000000c4300000, 0x00000000eab00000)
  object space 68608K, 22% used [0x00000000c0000000,0x00000000c0f4b730,0x00000000c4300000)
 Metaspace       used 29873K, committed 30720K, reserved 1114112K
  class space    used 2912K, committed 3264K, reserved 1048576K
}
Event: 37.188 GC heap before
{Heap before GC invocations=14 (full 1):
 PSYoungGen      total 23552K, used 23411K [0x00000000eab00000, 0x00000000ec880000, 0x0000000100000000)
  eden space 22016K, 100% used [0x00000000eab00000,0x00000000ec080000,0x00000000ec080000)
  from space 1536K, 90% used [0x00000000ec700000,0x00000000ec85ccf0,0x00000000ec880000)
  to   space 2560K, 0% used [0x00000000ec380000,0x00000000ec380000,0x00000000ec600000)
 ParOldGen       total 68608K, used 15661K [0x00000000c0000000, 0x00000000c4300000, 0x00000000eab00000)
  object space 68608K, 22% used [0x00000000c0000000,0x00000000c0f4b730,0x00000000c4300000)
 Metaspace       used 32733K, committed 33664K, reserved 1114112K
  class space    used 3232K, committed 3584K, reserved 1048576K
}
Event: 37.190 GC heap after
{Heap after GC invocations=14 (full 1):
 PSYoungGen      total 24576K, used 1152K [0x00000000eab00000, 0x00000000ec780000, 0x0000000100000000)
  eden space 22016K, 0% used [0x00000000eab00000,0x00000000eab00000,0x00000000ec080000)
  from space 2560K, 45% used [0x00000000ec380000,0x00000000ec4a0000,0x00000000ec600000)
  to   space 1536K, 0% used [0x00000000ec600000,0x00000000ec600000,0x00000000ec780000)
 ParOldGen       total 68608K, used 16759K [0x00000000c0000000, 0x00000000c4300000, 0x00000000eab00000)
  object space 68608K, 24% used [0x00000000c0000000,0x00000000c105dce0,0x00000000c4300000)
 Metaspace       used 32733K, committed 33664K, reserved 1114112K
  class space    used 3232K, committed 3584K, reserved 1048576K
}
Event: 37.499 GC heap before
{Heap before GC invocations=15 (full 1):
 PSYoungGen      total 24576K, used 19903K [0x00000000eab00000, 0x00000000ec780000, 0x0000000100000000)
  eden space 22016K, 85% used [0x00000000eab00000,0x00000000ebd4fc58,0x00000000ec080000)
  from space 2560K, 45% used [0x00000000ec380000,0x00000000ec4a0000,0x00000000ec600000)
  to   space 1536K, 0% used [0x00000000ec600000,0x00000000ec600000,0x00000000ec780000)
 ParOldGen       total 68608K, used 16759K [0x00000000c0000000, 0x00000000c4300000, 0x00000000eab00000)
  object space 68608K, 24% used [0x00000000c0000000,0x00000000c105dce0,0x00000000c4300000)
 Metaspace       used 34912K, committed 35840K, reserved 1114112K
  class space    used 3475K, committed 3840K, reserved 1048576K
}
Event: 37.500 GC heap after
{Heap after GC invocations=15 (full 1):
 PSYoungGen      total 23552K, used 1025K [0x00000000eab00000, 0x00000000ec780000, 0x0000000100000000)
  eden space 22016K, 0% used [0x00000000eab00000,0x00000000eab00000,0x00000000ec080000)
  from space 1536K, 66% used [0x00000000ec600000,0x00000000ec700450,0x00000000ec780000)
  to   space 1536K, 0% used [0x00000000ec480000,0x00000000ec480000,0x00000000ec600000)
 ParOldGen       total 68608K, used 17626K [0x00000000c0000000, 0x00000000c4300000, 0x00000000eab00000)
  object space 68608K, 25% used [0x00000000c0000000,0x00000000c1136808,0x00000000c4300000)
 Metaspace       used 34912K, committed 35840K, reserved 1114112K
  class space    used 3475K, committed 3840K, reserved 1048576K
}
Event: 37.500 GC heap before
{Heap before GC invocations=16 (full 2):
 PSYoungGen      total 23552K, used 1025K [0x00000000eab00000, 0x00000000ec780000, 0x0000000100000000)
  eden space 22016K, 0% used [0x00000000eab00000,0x00000000eab00000,0x00000000ec080000)
  from space 1536K, 66% used [0x00000000ec600000,0x00000000ec700450,0x00000000ec780000)
  to   space 1536K, 0% used [0x00000000ec480000,0x00000000ec480000,0x00000000ec600000)
 ParOldGen       total 68608K, used 17626K [0x00000000c0000000, 0x00000000c4300000, 0x00000000eab00000)
  object space 68608K, 25% used [0x00000000c0000000,0x00000000c1136808,0x00000000c4300000)
 Metaspace       used 34912K, committed 35840K, reserved 1114112K
  class space    used 3475K, committed 3840K, reserved 1048576K
}
Event: 37.570 GC heap after
{Heap after GC invocations=16 (full 2):
 PSYoungGen      total 23552K, used 0K [0x00000000eab00000, 0x00000000ec780000, 0x0000000100000000)
  eden space 22016K, 0% used [0x00000000eab00000,0x00000000eab00000,0x00000000ec080000)
  from space 1536K, 0% used [0x00000000ec600000,0x00000000ec600000,0x00000000ec780000)
  to   space 1536K, 0% used [0x00000000ec480000,0x00000000ec480000,0x00000000ec600000)
 ParOldGen       total 68608K, used 17245K [0x00000000c0000000, 0x00000000c4300000, 0x00000000eab00000)
  object space 68608K, 25% used [0x00000000c0000000,0x00000000c10d75c8,0x00000000c4300000)
 Metaspace       used 34912K, committed 35840K, reserved 1114112K
  class space    used 3475K, committed 3840K, reserved 1048576K
}
Event: 37.828 GC heap before
{Heap before GC invocations=17 (full 2):
 PSYoungGen      total 23552K, used 22016K [0x00000000eab00000, 0x00000000ec780000, 0x0000000100000000)
  eden space 22016K, 100% used [0x00000000eab00000,0x00000000ec080000,0x00000000ec080000)
  from space 1536K, 0% used [0x00000000ec600000,0x00000000ec600000,0x00000000ec780000)
  to   space 1536K, 0% used [0x00000000ec480000,0x00000000ec480000,0x00000000ec600000)
 ParOldGen       total 68608K, used 17245K [0x00000000c0000000, 0x00000000c4300000, 0x00000000eab00000)
  object space 68608K, 25% used [0x00000000c0000000,0x00000000c10d75c8,0x00000000c4300000)
 Metaspace       used 37336K, committed 38336K, reserved 1114112K
  class space    used 3819K, committed 4224K, reserved 1048576K
}
Event: 37.832 GC heap after
{Heap after GC invocations=17 (full 2):
 PSYoungGen      total 23552K, used 1456K [0x00000000eab00000, 0x00000000ec680000, 0x0000000100000000)
  eden space 22016K, 0% used [0x00000000eab00000,0x00000000eab00000,0x00000000ec080000)
  from space 1536K, 94% used [0x00000000ec480000,0x00000000ec5ec1e0,0x00000000ec600000)
  to   space 512K, 0% used [0x00000000ec600000,0x00000000ec600000,0x00000000ec680000)
 ParOldGen       total 68608K, used 17253K [0x00000000c0000000, 0x00000000c4300000, 0x00000000eab00000)
  object space 68608K, 25% used [0x00000000c0000000,0x00000000c10d95c8,0x00000000c4300000)
 Metaspace       used 37336K, committed 38336K, reserved 1114112K
  class space    used 3819K, committed 4224K, reserved 1048576K
}
Event: 38.040 GC heap before
{Heap before GC invocations=18 (full 2):
 PSYoungGen      total 23552K, used 23472K [0x00000000eab00000, 0x00000000ec680000, 0x0000000100000000)
  eden space 22016K, 100% used [0x00000000eab00000,0x00000000ec080000,0x00000000ec080000)
  from space 1536K, 94% used [0x00000000ec480000,0x00000000ec5ec1e0,0x00000000ec600000)
  to   space 512K, 0% used [0x00000000ec600000,0x00000000ec600000,0x00000000ec680000)
 ParOldGen       total 68608K, used 17253K [0x00000000c0000000, 0x00000000c4300000, 0x00000000eab00000)
  object space 68608K, 25% used [0x00000000c0000000,0x00000000c10d95c8,0x00000000c4300000)
 Metaspace       used 40302K, committed 41344K, reserved 1114112K
  class space    used 4164K, committed 4608K, reserved 1048576K
}
Event: 38.042 GC heap after
{Heap after GC invocations=18 (full 2):
 PSYoungGen      total 22528K, used 512K [0x00000000eab00000, 0x00000000ec680000, 0x0000000100000000)
  eden space 22016K, 0% used [0x00000000eab00000,0x00000000eab00000,0x00000000ec080000)
  from space 512K, 100% used [0x00000000ec600000,0x00000000ec680000,0x00000000ec680000)
  to   space 3072K, 0% used [0x00000000ec080000,0x00000000ec080000,0x00000000ec380000)
 ParOldGen       total 68608K, used 19340K [0x00000000c0000000, 0x00000000c4300000, 0x00000000eab00000)
  object space 68608K, 28% used [0x00000000c0000000,0x00000000c12e30e0,0x00000000c4300000)
 Metaspace       used 40302K, committed 41344K, reserved 1114112K
  class space    used 4164K, committed 4608K, reserved 1048576K
}
Event: 38.449 GC heap before
{Heap before GC invocations=19 (full 2):
 PSYoungGen      total 22528K, used 22528K [0x00000000eab00000, 0x00000000ec680000, 0x0000000100000000)
  eden space 22016K, 100% used [0x00000000eab00000,0x00000000ec080000,0x00000000ec080000)
  from space 512K, 100% used [0x00000000ec600000,0x00000000ec680000,0x00000000ec680000)
  to   space 3072K, 0% used [0x00000000ec080000,0x00000000ec080000,0x00000000ec380000)
 ParOldGen       total 68608K, used 19340K [0x00000000c0000000, 0x00000000c4300000, 0x00000000eab00000)
  object space 68608K, 28% used [0x00000000c0000000,0x00000000c12e30e0,0x00000000c4300000)
 Metaspace       used 42674K, committed 43776K, reserved 1114112K
  class space    used 4444K, committed 4928K, reserved 1048576K
}
Event: 38.454 GC heap after
{Heap after GC invocations=19 (full 2):
 PSYoungGen      total 25088K, used 2936K [0x00000000eab00000, 0x00000000ec680000, 0x0000000100000000)
  eden space 22016K, 0% used [0x00000000eab00000,0x00000000eab00000,0x00000000ec080000)
  from space 3072K, 95% used [0x00000000ec080000,0x00000000ec35e3c8,0x00000000ec380000)
  to   space 3072K, 0% used [0x00000000ec380000,0x00000000ec380000,0x00000000ec680000)
 ParOldGen       total 68608K, used 20613K [0x00000000c0000000, 0x00000000c4300000, 0x00000000eab00000)
  object space 68608K, 30% used [0x00000000c0000000,0x00000000c14214c0,0x00000000c4300000)
 Metaspace       used 42674K, committed 43776K, reserved 1114112K
  class space    used 4444K, committed 4928K, reserved 1048576K
}
Event: 38.840 GC heap before
{Heap before GC invocations=20 (full 2):
 PSYoungGen      total 25088K, used 24952K [0x00000000eab00000, 0x00000000ec680000, 0x0000000100000000)
  eden space 22016K, 100% used [0x00000000eab00000,0x00000000ec080000,0x00000000ec080000)
  from space 3072K, 95% used [0x00000000ec080000,0x00000000ec35e3c8,0x00000000ec380000)
  to   space 3072K, 0% used [0x00000000ec380000,0x00000000ec380000,0x00000000ec680000)
 ParOldGen       total 68608K, used 20613K [0x00000000c0000000, 0x00000000c4300000, 0x00000000eab00000)
  object space 68608K, 30% used [0x00000000c0000000,0x00000000c14214c0,0x00000000c4300000)
 Metaspace       used 45796K, committed 46912K, reserved 1114112K
  class space    used 4827K, committed 5312K, reserved 1048576K
}
Event: 38.845 GC heap after
{Heap after GC invocations=20 (full 2):
 PSYoungGen      total 24064K, used 1536K [0x00000000eab00000, 0x00000000ec580000, 0x0000000100000000)
  eden space 22016K, 0% used [0x00000000eab00000,0x00000000eab00000,0x00000000ec080000)
  from space 2048K, 75% used [0x00000000ec380000,0x00000000ec500000,0x00000000ec580000)
  to   space 2560K, 0% used [0x00000000ec080000,0x00000000ec080000,0x00000000ec300000)
 ParOldGen       total 68608K, used 22328K [0x00000000c0000000, 0x00000000c4300000, 0x00000000eab00000)
  object space 68608K, 32% used [0x00000000c0000000,0x00000000c15ce070,0x00000000c4300000)
 Metaspace       used 45796K, committed 46912K, reserved 1114112K
  class space    used 4827K, committed 5312K, reserved 1048576K
}
Event: 39.694 GC heap before
{Heap before GC invocations=21 (full 2):
 PSYoungGen      total 24064K, used 23552K [0x00000000eab00000, 0x00000000ec580000, 0x0000000100000000)
  eden space 22016K, 100% used [0x00000000eab00000,0x00000000ec080000,0x00000000ec080000)
  from space 2048K, 75% used [0x00000000ec380000,0x00000000ec500000,0x00000000ec580000)
  to   space 2560K, 0% used [0x00000000ec080000,0x00000000ec080000,0x00000000ec300000)
 ParOldGen       total 68608K, used 22328K [0x00000000c0000000, 0x00000000c4300000, 0x00000000eab00000)
  object space 68608K, 32% used [0x00000000c0000000,0x00000000c15ce070,0x00000000c4300000)
 Metaspace       used 48876K, committed 49984K, reserved 1114112K
  class space    used 5204K, committed 5696K, reserved 1048576K
}
Event: 39.724 GC heap after
{Heap after GC invocations=21 (full 2):
 PSYoungGen      total 24576K, used 2544K [0x00000000eab00000, 0x00000000ec680000, 0x0000000100000000)
  eden space 22016K, 0% used [0x00000000eab00000,0x00000000eab00000,0x00000000ec080000)
  from space 2560K, 99% used [0x00000000ec080000,0x00000000ec2fc170,0x00000000ec300000)
  to   space 3072K, 0% used [0x00000000ec380000,0x00000000ec380000,0x00000000ec680000)
 ParOldGen       total 68608K, used 25288K [0x00000000c0000000, 0x00000000c4300000, 0x00000000eab00000)
  object space 68608K, 36% used [0x00000000c0000000,0x00000000c18b2278,0x00000000c4300000)
 Metaspace       used 48876K, committed 49984K, reserved 1114112K
  class space    used 5204K, committed 5696K, reserved 1048576K
}

