# JRE version: OpenJDK Runtime Environment Temurin-21.0.7+6 (21.0.7+6) (build 21.0.7+6-LTS)
# Java VM: OpenJDK 64-Bit Server VM Temurin-21.0.7+6 (21.0.7+6-LTS, mixed mode, sharing, tiered, compressed oops, compressed class ptrs, parallel gc, windows-amd64)
GC Precious Log:
 CardTable entry size: 512
 CPUs: 16 total, 16 available
 Memory: 3453M
 Large Page Support: Disabled
 NUMA Support: Disabled
 Compressed Oops: Enabled (32-bit)
 Alignments: Space 512K, Generation 512K, Heap 2M
 Heap Min Capacity: 100M
 Heap Initial Capacity: 100M
 Heap Max Capacity: 1G
 Pre-touch: Disabled
 Parallel Workers: 13
Heap:
 PSYoungGen      total 30720K, used 26768K [0x00000000eab00000, 0x00000000ed080000, 0x0000000100000000)
  eden space 26624K, 86% used [0x00000000eab00000,0x00000000ec163990,0x00000000ec500000)
  from space 4096K, 93% used [0x00000000ecc80000,0x00000000ed0407b8,0x00000000ed080000)
  to   space 5120K, 0% used [0x00000000ec680000,0x00000000ec680000,0x00000000ecb80000)
 ParOldGen       total 408064K, used 407649K [0x00000000c0000000, 0x00000000d8e80000, 0x00000000eab00000)
  object space 408064K, 99% used [0x00000000c0000000,0x00000000d8e18750,0x00000000d8e80000)
 Metaspace       used 59429K, committed 60736K, reserved 1114112K
  class space    used 6126K, committed 6720K, reserved 1048576K
GC Heap History (20 events):
Event: 45.278 GC heap before
{Heap before GC invocations=161 (full 5):
 PSYoungGen      total 32256K, used 32233K [0x00000000eab00000, 0x00000000eda80000, 0x0000000100000000)
  eden space 25088K, 100% used [0x00000000eab00000,0x00000000ec380000,0x00000000ec380000)
  from space 7168K, 99% used [0x00000000ec380000,0x00000000eca7a430,0x00000000eca80000)
  to   space 11264K, 0% used [0x00000000ecf80000,0x00000000ecf80000,0x00000000eda80000)
 ParOldGen       total 395776K, used 395718K [0x00000000c0000000, 0x00000000d8280000, 0x00000000eab00000)
  object space 395776K, 99% used [0x00000000c0000000,0x00000000d8271910,0x00000000d8280000)
 Metaspace       used 58269K, committed 59584K, reserved 1114112K
  class space    used 6012K, committed 6592K, reserved 1048576K
}
Event: 45.294 GC heap after
{Heap after GC invocations=161 (full 5):
 PSYoungGen      total 35328K, used 8521K [0x00000000eab00000, 0x00000000ed800000, 0x0000000100000000)
  eden space 26624K, 0% used [0x00000000eab00000,0x00000000eab00000,0x00000000ec500000)
  from space 8704K, 97% used [0x00000000ecf80000,0x00000000ed7d2508,0x00000000ed800000)
  to   space 9728K, 0% used [0x00000000ec500000,0x00000000ec500000,0x00000000ece80000)
 ParOldGen       total 397824K, used 397339K [0x00000000c0000000, 0x00000000d8480000, 0x00000000eab00000)
  object space 397824K, 99% used [0x00000000c0000000,0x00000000d8406f38,0x00000000d8480000)
 Metaspace       used 58269K, committed 59584K, reserved 1114112K
  class space    used 6012K, committed 6592K, reserved 1048576K
}
Event: 45.358 GC heap before
{Heap before GC invocations=162 (full 5):
 PSYoungGen      total 35328K, used 35145K [0x00000000eab00000, 0x00000000ed800000, 0x0000000100000000)
  eden space 26624K, 100% used [0x00000000eab00000,0x00000000ec500000,0x00000000ec500000)
  from space 8704K, 97% used [0x00000000ecf80000,0x00000000ed7d2508,0x00000000ed800000)
  to   space 9728K, 0% used [0x00000000ec500000,0x00000000ec500000,0x00000000ece80000)
 ParOldGen       total 397824K, used 397339K [0x00000000c0000000, 0x00000000d8480000, 0x00000000eab00000)
  object space 397824K, 99% used [0x00000000c0000000,0x00000000d8406f38,0x00000000d8480000)
 Metaspace       used 58312K, committed 59648K, reserved 1114112K
  class space    used 6016K, committed 6592K, reserved 1048576K
}
Event: 45.363 GC heap after
{Heap after GC invocations=162 (full 5):
 PSYoungGen      total 33792K, used 6766K [0x00000000eab00000, 0x00000000ed580000, 0x0000000100000000)
  eden space 26624K, 0% used [0x00000000eab00000,0x00000000eab00000,0x00000000ec500000)
  from space 7168K, 94% used [0x00000000ec500000,0x00000000ecb9b818,0x00000000ecc00000)
  to   space 7680K, 0% used [0x00000000ece00000,0x00000000ece00000,0x00000000ed580000)
 ParOldGen       total 397824K, used 397339K [0x00000000c0000000, 0x00000000d8480000, 0x00000000eab00000)
  object space 397824K, 99% used [0x00000000c0000000,0x00000000d8406f38,0x00000000d8480000)
 Metaspace       used 58312K, committed 59648K, reserved 1114112K
  class space    used 6016K, committed 6592K, reserved 1048576K
}
Event: 45.433 GC heap before
{Heap before GC invocations=163 (full 5):
 PSYoungGen      total 33792K, used 33390K [0x00000000eab00000, 0x00000000ed580000, 0x0000000100000000)
  eden space 26624K, 100% used [0x00000000eab00000,0x00000000ec500000,0x00000000ec500000)
  from space 7168K, 94% used [0x00000000ec500000,0x00000000ecb9b818,0x00000000ecc00000)
  to   space 7680K, 0% used [0x00000000ece00000,0x00000000ece00000,0x00000000ed580000)
 ParOldGen       total 397824K, used 397339K [0x00000000c0000000, 0x00000000d8480000, 0x00000000eab00000)
  object space 397824K, 99% used [0x00000000c0000000,0x00000000d8406f38,0x00000000d8480000)
 Metaspace       used 58352K, committed 59712K, reserved 1114112K
  class space    used 6020K, committed 6592K, reserved 1048576K
}
Event: 45.441 GC heap after
{Heap after GC invocations=163 (full 5):
 PSYoungGen      total 33792K, used 7659K [0x00000000eab00000, 0x00000000ed980000, 0x0000000100000000)
  eden space 26112K, 0% used [0x00000000eab00000,0x00000000eab00000,0x00000000ec480000)
  from space 7680K, 99% used [0x00000000ece00000,0x00000000ed57ac10,0x00000000ed580000)
  to   space 9728K, 0% used [0x00000000ec480000,0x00000000ec480000,0x00000000ece00000)
 ParOldGen       total 398848K, used 398627K [0x00000000c0000000, 0x00000000d8580000, 0x00000000eab00000)
  object space 398848K, 99% used [0x00000000c0000000,0x00000000d8548f38,0x00000000d8580000)
 Metaspace       used 58352K, committed 59712K, reserved 1114112K
  class space    used 6020K, committed 6592K, reserved 1048576K
}
Event: 45.618 GC heap before
{Heap before GC invocations=164 (full 5):
 PSYoungGen      total 33792K, used 33771K [0x00000000eab00000, 0x00000000ed980000, 0x0000000100000000)
  eden space 26112K, 100% used [0x00000000eab00000,0x00000000ec480000,0x00000000ec480000)
  from space 7680K, 99% used [0x00000000ece00000,0x00000000ed57ac10,0x00000000ed580000)
  to   space 9728K, 0% used [0x00000000ec480000,0x00000000ec480000,0x00000000ece00000)
 ParOldGen       total 398848K, used 398627K [0x00000000c0000000, 0x00000000d8580000, 0x00000000eab00000)
  object space 398848K, 99% used [0x00000000c0000000,0x00000000d8548f38,0x00000000d8580000)
 Metaspace       used 58361K, committed 59712K, reserved 1114112K
  class space    used 6020K, committed 6592K, reserved 1048576K
}
Event: 45.631 GC heap after
{Heap after GC invocations=164 (full 5):
 PSYoungGen      total 33792K, used 7617K [0x00000000eab00000, 0x00000000ed580000, 0x0000000100000000)
  eden space 26112K, 0% used [0x00000000eab00000,0x00000000eab00000,0x00000000ec480000)
  from space 7680K, 99% used [0x00000000ec480000,0x00000000ecbf04f8,0x00000000ecc00000)
  to   space 8192K, 0% used [0x00000000ecd80000,0x00000000ecd80000,0x00000000ed580000)
 ParOldGen       total 399872K, used 399411K [0x00000000c0000000, 0x00000000d8680000, 0x00000000eab00000)
  object space 399872K, 99% used [0x00000000c0000000,0x00000000d860cf38,0x00000000d8680000)
 Metaspace       used 58361K, committed 59712K, reserved 1114112K
  class space    used 6020K, committed 6592K, reserved 1048576K
}
Event: 45.808 GC heap before
{Heap before GC invocations=165 (full 5):
 PSYoungGen      total 33792K, used 33729K [0x00000000eab00000, 0x00000000ed580000, 0x0000000100000000)
  eden space 26112K, 100% used [0x00000000eab00000,0x00000000ec480000,0x00000000ec480000)
  from space 7680K, 99% used [0x00000000ec480000,0x00000000ecbf04f8,0x00000000ecc00000)
  to   space 8192K, 0% used [0x00000000ecd80000,0x00000000ecd80000,0x00000000ed580000)
 ParOldGen       total 399872K, used 399411K [0x00000000c0000000, 0x00000000d8680000, 0x00000000eab00000)
  object space 399872K, 99% used [0x00000000c0000000,0x00000000d860cf38,0x00000000d8680000)
 Metaspace       used 58391K, committed 59712K, reserved 1114112K
  class space    used 6020K, committed 6592K, reserved 1048576K
}
Event: 45.813 GC heap after
{Heap after GC invocations=165 (full 5):
 PSYoungGen      total 34816K, used 8177K [0x00000000eab00000, 0x00000000ed680000, 0x0000000100000000)
  eden space 26624K, 0% used [0x00000000eab00000,0x00000000eab00000,0x00000000ec500000)
  from space 8192K, 99% used [0x00000000ecd80000,0x00000000ed57c4f0,0x00000000ed580000)
  to   space 8704K, 0% used [0x00000000ec500000,0x00000000ec500000,0x00000000ecd80000)
 ParOldGen       total 399872K, used 399563K [0x00000000c0000000, 0x00000000d8680000, 0x00000000eab00000)
  object space 399872K, 99% used [0x00000000c0000000,0x00000000d8632f38,0x00000000d8680000)
 Metaspace       used 58391K, committed 59712K, reserved 1114112K
  class space    used 6020K, committed 6592K, reserved 1048576K
}
Event: 45.949 GC heap before
{Heap before GC invocations=166 (full 5):
 PSYoungGen      total 34816K, used 34801K [0x00000000eab00000, 0x00000000ed680000, 0x0000000100000000)
  eden space 26624K, 100% used [0x00000000eab00000,0x00000000ec500000,0x00000000ec500000)
  from space 8192K, 99% used [0x00000000ecd80000,0x00000000ed57c4f0,0x00000000ed580000)
  to   space 8704K, 0% used [0x00000000ec500000,0x00000000ec500000,0x00000000ecd80000)
 ParOldGen       total 399872K, used 399563K [0x00000000c0000000, 0x00000000d8680000, 0x00000000eab00000)
  object space 399872K, 99% used [0x00000000c0000000,0x00000000d8632f38,0x00000000d8680000)
 Metaspace       used 58433K, committed 59776K, reserved 1114112K
  class space    used 6034K, committed 6592K, reserved 1048576K
}
Event: 45.959 GC heap after
{Heap after GC invocations=166 (full 5):
 PSYoungGen      total 32256K, used 5598K [0x00000000eab00000, 0x00000000ed300000, 0x0000000100000000)
  eden space 26624K, 0% used [0x00000000eab00000,0x00000000eab00000,0x00000000ec500000)
  from space 5632K, 99% used [0x00000000ec500000,0x00000000eca77a20,0x00000000eca80000)
  to   space 6656K, 0% used [0x00000000ecc80000,0x00000000ecc80000,0x00000000ed300000)
 ParOldGen       total 401920K, used 401867K [0x00000000c0000000, 0x00000000d8880000, 0x00000000eab00000)
  object space 401920K, 99% used [0x00000000c0000000,0x00000000d8872f38,0x00000000d8880000)
 Metaspace       used 58433K, committed 59776K, reserved 1114112K
  class space    used 6034K, committed 6592K, reserved 1048576K
}
Event: 46.026 GC heap before
{Heap before GC invocations=167 (full 5):
 PSYoungGen      total 32256K, used 32222K [0x00000000eab00000, 0x00000000ed300000, 0x0000000100000000)
  eden space 26624K, 100% used [0x00000000eab00000,0x00000000ec500000,0x00000000ec500000)
  from space 5632K, 99% used [0x00000000ec500000,0x00000000eca77a20,0x00000000eca80000)
  to   space 6656K, 0% used [0x00000000ecc80000,0x00000000ecc80000,0x00000000ed300000)
 ParOldGen       total 401920K, used 401867K [0x00000000c0000000, 0x00000000d8880000, 0x00000000eab00000)
  object space 401920K, 99% used [0x00000000c0000000,0x00000000d8872f38,0x00000000d8880000)
 Metaspace       used 58453K, committed 59776K, reserved 1114112K
  class space    used 6034K, committed 6592K, reserved 1048576K
}
Event: 46.030 GC heap after
{Heap after GC invocations=167 (full 5):
 PSYoungGen      total 33280K, used 6625K [0x00000000eab00000, 0x00000000ed500000, 0x0000000100000000)
  eden space 26624K, 0% used [0x00000000eab00000,0x00000000eab00000,0x00000000ec500000)
  from space 6656K, 99% used [0x00000000ecc80000,0x00000000ed2f8568,0x00000000ed300000)
  to   space 7680K, 0% used [0x00000000ec500000,0x00000000ec500000,0x00000000ecc80000)
 ParOldGen       total 402432K, used 402331K [0x00000000c0000000, 0x00000000d8900000, 0x00000000eab00000)
  object space 402432K, 99% used [0x00000000c0000000,0x00000000d88e6f38,0x00000000d8900000)
 Metaspace       used 58453K, committed 59776K, reserved 1114112K
  class space    used 6034K, committed 6592K, reserved 1048576K
}
Event: 46.248 GC heap before
{Heap before GC invocations=168 (full 5):
 PSYoungGen      total 33280K, used 33224K [0x00000000eab00000, 0x00000000ed500000, 0x0000000100000000)
  eden space 26624K, 99% used [0x00000000eab00000,0x00000000ec4f9b30,0x00000000ec500000)
  from space 6656K, 99% used [0x00000000ecc80000,0x00000000ed2f8568,0x00000000ed300000)
  to   space 7680K, 0% used [0x00000000ec500000,0x00000000ec500000,0x00000000ecc80000)
 ParOldGen       total 402432K, used 402331K [0x00000000c0000000, 0x00000000d8900000, 0x00000000eab00000)
  object space 402432K, 99% used [0x00000000c0000000,0x00000000d88e6f38,0x00000000d8900000)
 Metaspace       used 58565K, committed 59904K, reserved 1114112K
  class space    used 6041K, committed 6656K, reserved 1048576K
}
Event: 46.253 GC heap after
{Heap after GC invocations=168 (full 5):
 PSYoungGen      total 29696K, used 3042K [0x00000000eab00000, 0x00000000ecf00000, 0x0000000100000000)
  eden space 26624K, 0% used [0x00000000eab00000,0x00000000eab00000,0x00000000ec500000)
  from space 3072K, 99% used [0x00000000ec500000,0x00000000ec7f8ba8,0x00000000ec800000)
  to   space 4608K, 0% used [0x00000000eca80000,0x00000000eca80000,0x00000000ecf00000)
 ParOldGen       total 406016K, used 405777K [0x00000000c0000000, 0x00000000d8c80000, 0x00000000eab00000)
  object space 406016K, 99% used [0x00000000c0000000,0x00000000d8c44750,0x00000000d8c80000)
 Metaspace       used 58565K, committed 59904K, reserved 1114112K
  class space    used 6041K, committed 6656K, reserved 1048576K
}
Event: 46.375 GC heap before
{Heap before GC invocations=169 (full 5):
 PSYoungGen      total 29696K, used 29666K [0x00000000eab00000, 0x00000000ecf00000, 0x0000000100000000)
  eden space 26624K, 100% used [0x00000000eab00000,0x00000000ec500000,0x00000000ec500000)
  from space 3072K, 99% used [0x00000000ec500000,0x00000000ec7f8ba8,0x00000000ec800000)
  to   space 4608K, 0% used [0x00000000eca80000,0x00000000eca80000,0x00000000ecf00000)
 ParOldGen       total 406016K, used 405777K [0x00000000c0000000, 0x00000000d8c80000, 0x00000000eab00000)
  object space 406016K, 99% used [0x00000000c0000000,0x00000000d8c44750,0x00000000d8c80000)
 Metaspace       used 58810K, committed 60160K, reserved 1114112K
  class space    used 6057K, committed 6656K, reserved 1048576K
}
Event: 46.380 GC heap after
{Heap after GC invocations=169 (full 5):
 PSYoungGen      total 30720K, used 4590K [0x00000000eab00000, 0x00000000ed200000, 0x0000000100000000)
  eden space 26112K, 0% used [0x00000000eab00000,0x00000000eab00000,0x00000000ec480000)
  from space 4608K, 99% used [0x00000000eca80000,0x00000000ecefb908,0x00000000ecf00000)
  to   space 6144K, 0% used [0x00000000ec480000,0x00000000ec480000,0x00000000eca80000)
 ParOldGen       total 406528K, used 406449K [0x00000000c0000000, 0x00000000d8d00000, 0x00000000eab00000)
  object space 406528K, 99% used [0x00000000c0000000,0x00000000d8cec750,0x00000000d8d00000)
 Metaspace       used 58810K, committed 60160K, reserved 1114112K
  class space    used 6057K, committed 6656K, reserved 1048576K
}
Event: 46.520 GC heap before
{Heap before GC invocations=170 (full 5):
 PSYoungGen      total 30720K, used 30702K [0x00000000eab00000, 0x00000000ed200000, 0x0000000100000000)
  eden space 26112K, 100% used [0x00000000eab00000,0x00000000ec480000,0x00000000ec480000)
  from space 4608K, 99% used [0x00000000eca80000,0x00000000ecefb908,0x00000000ecf00000)
  to   space 6144K, 0% used [0x00000000ec480000,0x00000000ec480000,0x00000000eca80000)
 ParOldGen       total 406528K, used 406449K [0x00000000c0000000, 0x00000000d8d00000, 0x00000000eab00000)
  object space 406528K, 99% used [0x00000000c0000000,0x00000000d8cec750,0x00000000d8d00000)
 Metaspace       used 59033K, committed 60352K, reserved 1114112K
  class space    used 6088K, committed 6656K, reserved 1048576K
}
Event: 46.524 GC heap after
{Heap after GC invocations=170 (full 5):
 PSYoungGen      total 32256K, used 6138K [0x00000000eab00000, 0x00000000ed400000, 0x0000000100000000)
  eden space 26112K, 0% used [0x00000000eab00000,0x00000000eab00000,0x00000000ec480000)
  from space 6144K, 99% used [0x00000000ec480000,0x00000000eca7e908,0x00000000eca80000)
  to   space 7680K, 0% used [0x00000000ecc80000,0x00000000ecc80000,0x00000000ed400000)
 ParOldGen       total 407552K, used 407193K [0x00000000c0000000, 0x00000000d8e00000, 0x00000000eab00000)
  object space 407552K, 99% used [0x00000000c0000000,0x00000000d8da6750,0x00000000d8e00000)
 Metaspace       used 59033K, committed 60352K, reserved 1114112K
  class space    used 6088K, committed 6656K, reserved 1048576K
}

