# JRE version: OpenJDK Runtime Environment Temurin-21.0.7+6 (21.0.7+6) (build 21.0.7+6-LTS)
# Java VM: OpenJDK 64-Bit Server VM Temurin-21.0.7+6 (21.0.7+6-LTS, mixed mode, sharing, tiered, compressed oops, compressed class ptrs, parallel gc, windows-amd64)
GC Precious Log:
 CardTable entry size: 512
 CPUs: 16 total, 16 available
 Memory: 3453M
 Large Page Support: Disabled
 NUMA Support: Disabled
 Compressed Oops: Enabled (32-bit)
 Alignments: Space 512K, Generation 512K, Heap 2M
 Heap Min Capacity: 100M
 Heap Initial Capacity: 100M
 Heap Max Capacity: 1G
 Pre-touch: Disabled
 Parallel Workers: 13
Heap:
 PSYoungGen      total 10752K, used 10738K [0x00000000eab00000, 0x00000000ebb80000, 0x0000000100000000)
  eden space 8704K, 100% used [0x00000000eab00000,0x00000000eb380000,0x00000000eb380000)
  from space 2048K, 99% used [0x00000000eb380000,0x00000000eb57c800,0x00000000eb580000)
  to   space 4096K, 54% used [0x00000000eb780000,0x00000000eb9af2e8,0x00000000ebb80000)
 ParOldGen       total 196096K, used 196093K [0x00000000c0000000, 0x00000000cbf80000, 0x00000000eab00000)
  object space 196096K, 99% used [0x00000000c0000000,0x00000000cbf7f558,0x00000000cbf80000)
 Metaspace       used 52131K, committed 53440K, reserved 1114112K
  class space    used 5509K, committed 6080K, reserved 1048576K
GC Heap History (20 events):
Event: 9.863 GC heap before
{Heap before GC invocations=80 (full 2):
 PSYoungGen      total 11776K, used 11492K [0x00000000eab00000, 0x00000000eb900000, 0x0000000100000000)
  eden space 9216K, 100% used [0x00000000eab00000,0x00000000eb400000,0x00000000eb400000)
  from space 2560K, 88% used [0x00000000eb400000,0x00000000eb639148,0x00000000eb680000)
  to   space 2560K, 0% used [0x00000000eb680000,0x00000000eb680000,0x00000000eb900000)
 ParOldGen       total 173568K, used 173090K [0x00000000c0000000, 0x00000000ca980000, 0x00000000eab00000)
  object space 173568K, 99% used [0x00000000c0000000,0x00000000ca908958,0x00000000ca980000)
 Metaspace       used 51624K, committed 52864K, reserved 1114112K
  class space    used 5418K, committed 5952K, reserved 1048576K
}
Event: 9.868 GC heap after
{Heap after GC invocations=80 (full 2):
 PSYoungGen      total 11776K, used 2434K [0x00000000eab00000, 0x00000000eb900000, 0x0000000100000000)
  eden space 9216K, 0% used [0x00000000eab00000,0x00000000eab00000,0x00000000eb400000)
  from space 2560K, 95% used [0x00000000eb680000,0x00000000eb8e09b8,0x00000000eb900000)
  to   space 2560K, 0% used [0x00000000eb400000,0x00000000eb400000,0x00000000eb680000)
 ParOldGen       total 175616K, used 175170K [0x00000000c0000000, 0x00000000cab80000, 0x00000000eab00000)
  object space 175616K, 99% used [0x00000000c0000000,0x00000000cab10b28,0x00000000cab80000)
 Metaspace       used 51624K, committed 52864K, reserved 1114112K
  class space    used 5418K, committed 5952K, reserved 1048576K
}
Event: 9.907 GC heap before
{Heap before GC invocations=81 (full 2):
 PSYoungGen      total 11776K, used 11650K [0x00000000eab00000, 0x00000000eb900000, 0x0000000100000000)
  eden space 9216K, 100% used [0x00000000eab00000,0x00000000eb400000,0x00000000eb400000)
  from space 2560K, 95% used [0x00000000eb680000,0x00000000eb8e09b8,0x00000000eb900000)
  to   space 2560K, 0% used [0x00000000eb400000,0x00000000eb400000,0x00000000eb680000)
 ParOldGen       total 175616K, used 175170K [0x00000000c0000000, 0x00000000cab80000, 0x00000000eab00000)
  object space 175616K, 99% used [0x00000000c0000000,0x00000000cab10b28,0x00000000cab80000)
 Metaspace       used 51643K, committed 52864K, reserved 1114112K
  class space    used 5420K, committed 5952K, reserved 1048576K
}
Event: 9.911 GC heap after
{Heap after GC invocations=81 (full 2):
 PSYoungGen      total 11776K, used 2283K [0x00000000eab00000, 0x00000000eb900000, 0x0000000100000000)
  eden space 9216K, 0% used [0x00000000eab00000,0x00000000eab00000,0x00000000eb400000)
  from space 2560K, 89% used [0x00000000eb400000,0x00000000eb63ade0,0x00000000eb680000)
  to   space 2560K, 0% used [0x00000000eb680000,0x00000000eb680000,0x00000000eb900000)
 ParOldGen       total 177664K, used 177406K [0x00000000c0000000, 0x00000000cad80000, 0x00000000eab00000)
  object space 177664K, 99% used [0x00000000c0000000,0x00000000cad3f8a8,0x00000000cad80000)
 Metaspace       used 51643K, committed 52864K, reserved 1114112K
  class space    used 5420K, committed 5952K, reserved 1048576K
}
Event: 9.947 GC heap before
{Heap before GC invocations=82 (full 2):
 PSYoungGen      total 11776K, used 11499K [0x00000000eab00000, 0x00000000eb900000, 0x0000000100000000)
  eden space 9216K, 100% used [0x00000000eab00000,0x00000000eb400000,0x00000000eb400000)
  from space 2560K, 89% used [0x00000000eb400000,0x00000000eb63ade0,0x00000000eb680000)
  to   space 2560K, 0% used [0x00000000eb680000,0x00000000eb680000,0x00000000eb900000)
 ParOldGen       total 177664K, used 177406K [0x00000000c0000000, 0x00000000cad80000, 0x00000000eab00000)
  object space 177664K, 99% used [0x00000000c0000000,0x00000000cad3f8a8,0x00000000cad80000)
 Metaspace       used 51675K, committed 52864K, reserved 1114112K
  class space    used 5424K, committed 5952K, reserved 1048576K
}
Event: 9.951 GC heap after
{Heap after GC invocations=82 (full 2):
 PSYoungGen      total 11776K, used 2223K [0x00000000eab00000, 0x00000000eb900000, 0x0000000100000000)
  eden space 9216K, 0% used [0x00000000eab00000,0x00000000eab00000,0x00000000eb400000)
  from space 2560K, 86% used [0x00000000eb680000,0x00000000eb8abcf0,0x00000000eb900000)
  to   space 2560K, 0% used [0x00000000eb400000,0x00000000eb400000,0x00000000eb680000)
 ParOldGen       total 179712K, used 179513K [0x00000000c0000000, 0x00000000caf80000, 0x00000000eab00000)
  object space 179712K, 99% used [0x00000000c0000000,0x00000000caf4e468,0x00000000caf80000)
 Metaspace       used 51675K, committed 52864K, reserved 1114112K
  class space    used 5424K, committed 5952K, reserved 1048576K
}
Event: 9.992 GC heap before
{Heap before GC invocations=83 (full 2):
 PSYoungGen      total 11776K, used 11439K [0x00000000eab00000, 0x00000000eb900000, 0x0000000100000000)
  eden space 9216K, 100% used [0x00000000eab00000,0x00000000eb400000,0x00000000eb400000)
  from space 2560K, 86% used [0x00000000eb680000,0x00000000eb8abcf0,0x00000000eb900000)
  to   space 2560K, 0% used [0x00000000eb400000,0x00000000eb400000,0x00000000eb680000)
 ParOldGen       total 179712K, used 179513K [0x00000000c0000000, 0x00000000caf80000, 0x00000000eab00000)
  object space 179712K, 99% used [0x00000000c0000000,0x00000000caf4e468,0x00000000caf80000)
 Metaspace       used 51715K, committed 52992K, reserved 1114112K
  class space    used 5434K, committed 6016K, reserved 1048576K
}
Event: 9.995 GC heap after
{Heap after GC invocations=83 (full 2):
 PSYoungGen      total 11776K, used 2310K [0x00000000eab00000, 0x00000000eb900000, 0x0000000100000000)
  eden space 9216K, 0% used [0x00000000eab00000,0x00000000eab00000,0x00000000eb400000)
  from space 2560K, 90% used [0x00000000eb400000,0x00000000eb641ad0,0x00000000eb680000)
  to   space 2560K, 0% used [0x00000000eb680000,0x00000000eb680000,0x00000000eb900000)
 ParOldGen       total 181760K, used 181517K [0x00000000c0000000, 0x00000000cb180000, 0x00000000eab00000)
  object space 181760K, 99% used [0x00000000c0000000,0x00000000cb143540,0x00000000cb180000)
 Metaspace       used 51715K, committed 52992K, reserved 1114112K
  class space    used 5434K, committed 6016K, reserved 1048576K
}
Event: 10.032 GC heap before
{Heap before GC invocations=84 (full 2):
 PSYoungGen      total 11776K, used 11526K [0x00000000eab00000, 0x00000000eb900000, 0x0000000100000000)
  eden space 9216K, 100% used [0x00000000eab00000,0x00000000eb400000,0x00000000eb400000)
  from space 2560K, 90% used [0x00000000eb400000,0x00000000eb641ad0,0x00000000eb680000)
  to   space 2560K, 0% used [0x00000000eb680000,0x00000000eb680000,0x00000000eb900000)
 ParOldGen       total 181760K, used 181517K [0x00000000c0000000, 0x00000000cb180000, 0x00000000eab00000)
  object space 181760K, 99% used [0x00000000c0000000,0x00000000cb143540,0x00000000cb180000)
 Metaspace       used 51843K, committed 53120K, reserved 1114112K
  class space    used 5451K, committed 6016K, reserved 1048576K
}
Event: 10.035 GC heap after
{Heap after GC invocations=84 (full 2):
 PSYoungGen      total 11776K, used 2489K [0x00000000eab00000, 0x00000000eb900000, 0x0000000100000000)
  eden space 9216K, 0% used [0x00000000eab00000,0x00000000eab00000,0x00000000eb400000)
  from space 2560K, 97% used [0x00000000eb680000,0x00000000eb8ee4b8,0x00000000eb900000)
  to   space 2560K, 0% used [0x00000000eb400000,0x00000000eb400000,0x00000000eb680000)
 ParOldGen       total 183808K, used 183653K [0x00000000c0000000, 0x00000000cb380000, 0x00000000eab00000)
  object space 183808K, 99% used [0x00000000c0000000,0x00000000cb359518,0x00000000cb380000)
 Metaspace       used 51843K, committed 53120K, reserved 1114112K
  class space    used 5451K, committed 6016K, reserved 1048576K
}
Event: 10.074 GC heap before
{Heap before GC invocations=85 (full 2):
 PSYoungGen      total 11776K, used 11705K [0x00000000eab00000, 0x00000000eb900000, 0x0000000100000000)
  eden space 9216K, 100% used [0x00000000eab00000,0x00000000eb400000,0x00000000eb400000)
  from space 2560K, 97% used [0x00000000eb680000,0x00000000eb8ee4b8,0x00000000eb900000)
  to   space 2560K, 0% used [0x00000000eb400000,0x00000000eb400000,0x00000000eb680000)
 ParOldGen       total 183808K, used 183653K [0x00000000c0000000, 0x00000000cb380000, 0x00000000eab00000)
  object space 183808K, 99% used [0x00000000c0000000,0x00000000cb359518,0x00000000cb380000)
 Metaspace       used 51865K, committed 53120K, reserved 1114112K
  class space    used 5453K, committed 6016K, reserved 1048576K
}
Event: 10.077 GC heap after
{Heap after GC invocations=85 (full 2):
 PSYoungGen      total 11776K, used 2419K [0x00000000eab00000, 0x00000000eb900000, 0x0000000100000000)
  eden space 9216K, 0% used [0x00000000eab00000,0x00000000eab00000,0x00000000eb400000)
  from space 2560K, 94% used [0x00000000eb400000,0x00000000eb65cde0,0x00000000eb680000)
  to   space 2560K, 0% used [0x00000000eb680000,0x00000000eb680000,0x00000000eb900000)
 ParOldGen       total 185856K, used 185766K [0x00000000c0000000, 0x00000000cb580000, 0x00000000eab00000)
  object space 185856K, 99% used [0x00000000c0000000,0x00000000cb569bb8,0x00000000cb580000)
 Metaspace       used 51865K, committed 53120K, reserved 1114112K
  class space    used 5453K, committed 6016K, reserved 1048576K
}
Event: 10.118 GC heap before
{Heap before GC invocations=86 (full 2):
 PSYoungGen      total 11776K, used 11623K [0x00000000eab00000, 0x00000000eb900000, 0x0000000100000000)
  eden space 9216K, 99% used [0x00000000eab00000,0x00000000eb3fcfb0,0x00000000eb400000)
  from space 2560K, 94% used [0x00000000eb400000,0x00000000eb65cde0,0x00000000eb680000)
  to   space 2560K, 0% used [0x00000000eb680000,0x00000000eb680000,0x00000000eb900000)
 ParOldGen       total 185856K, used 185766K [0x00000000c0000000, 0x00000000cb580000, 0x00000000eab00000)
  object space 185856K, 99% used [0x00000000c0000000,0x00000000cb569bb8,0x00000000cb580000)
 Metaspace       used 51932K, committed 53184K, reserved 1114112K
  class space    used 5458K, committed 6016K, reserved 1048576K
}
Event: 10.120 GC heap after
{Heap after GC invocations=86 (full 2):
 PSYoungGen      total 11776K, used 2162K [0x00000000eab00000, 0x00000000eb900000, 0x0000000100000000)
  eden space 9216K, 0% used [0x00000000eab00000,0x00000000eab00000,0x00000000eb400000)
  from space 2560K, 84% used [0x00000000eb680000,0x00000000eb89cae8,0x00000000eb900000)
  to   space 2560K, 0% used [0x00000000eb400000,0x00000000eb400000,0x00000000eb680000)
 ParOldGen       total 188416K, used 187980K [0x00000000c0000000, 0x00000000cb800000, 0x00000000eab00000)
  object space 188416K, 99% used [0x00000000c0000000,0x00000000cb7930a8,0x00000000cb800000)
 Metaspace       used 51932K, committed 53184K, reserved 1114112K
  class space    used 5458K, committed 6016K, reserved 1048576K
}
Event: 10.168 GC heap before
{Heap before GC invocations=87 (full 2):
 PSYoungGen      total 11776K, used 11378K [0x00000000eab00000, 0x00000000eb900000, 0x0000000100000000)
  eden space 9216K, 100% used [0x00000000eab00000,0x00000000eb400000,0x00000000eb400000)
  from space 2560K, 84% used [0x00000000eb680000,0x00000000eb89cae8,0x00000000eb900000)
  to   space 2560K, 0% used [0x00000000eb400000,0x00000000eb400000,0x00000000eb680000)
 ParOldGen       total 188416K, used 187980K [0x00000000c0000000, 0x00000000cb800000, 0x00000000eab00000)
  object space 188416K, 99% used [0x00000000c0000000,0x00000000cb7930a8,0x00000000cb800000)
 Metaspace       used 51984K, committed 53248K, reserved 1114112K
  class space    used 5479K, committed 6080K, reserved 1048576K
}
Event: 10.174 GC heap after
{Heap after GC invocations=87 (full 2):
 PSYoungGen      total 10240K, used 723K [0x00000000eab00000, 0x00000000eb700000, 0x0000000100000000)
  eden space 9216K, 0% used [0x00000000eab00000,0x00000000eab00000,0x00000000eb400000)
  from space 1024K, 70% used [0x00000000eb400000,0x00000000eb4b4d50,0x00000000eb500000)
  to   space 1536K, 0% used [0x00000000eb580000,0x00000000eb580000,0x00000000eb700000)
 ParOldGen       total 193536K, used 193437K [0x00000000c0000000, 0x00000000cbd00000, 0x00000000eab00000)
  object space 193536K, 99% used [0x00000000c0000000,0x00000000cbce7400,0x00000000cbd00000)
 Metaspace       used 51984K, committed 53248K, reserved 1114112K
  class space    used 5479K, committed 6080K, reserved 1048576K
}
Event: 10.255 GC heap before
{Heap before GC invocations=88 (full 2):
 PSYoungGen      total 10240K, used 9939K [0x00000000eab00000, 0x00000000eb700000, 0x0000000100000000)
  eden space 9216K, 100% used [0x00000000eab00000,0x00000000eb400000,0x00000000eb400000)
  from space 1024K, 70% used [0x00000000eb400000,0x00000000eb4b4d50,0x00000000eb500000)
  to   space 1536K, 0% used [0x00000000eb580000,0x00000000eb580000,0x00000000eb700000)
 ParOldGen       total 193536K, used 193437K [0x00000000c0000000, 0x00000000cbd00000, 0x00000000eab00000)
  object space 193536K, 99% used [0x00000000c0000000,0x00000000cbce7400,0x00000000cbd00000)
 Metaspace       used 52079K, committed 53312K, reserved 1114112K
  class space    used 5503K, committed 6080K, reserved 1048576K
}
Event: 10.268 GC heap after
{Heap after GC invocations=88 (full 2):
 PSYoungGen      total 10240K, used 1495K [0x00000000eab00000, 0x00000000eb800000, 0x0000000100000000)
  eden space 8704K, 0% used [0x00000000eab00000,0x00000000eab00000,0x00000000eb380000)
  from space 1536K, 97% used [0x00000000eb580000,0x00000000eb6f5da8,0x00000000eb700000)
  to   space 2048K, 0% used [0x00000000eb380000,0x00000000eb380000,0x00000000eb580000)
 ParOldGen       total 194048K, used 193921K [0x00000000c0000000, 0x00000000cbd80000, 0x00000000eab00000)
  object space 194048K, 99% used [0x00000000c0000000,0x00000000cbd60788,0x00000000cbd80000)
 Metaspace       used 52079K, committed 53312K, reserved 1114112K
  class space    used 5503K, committed 6080K, reserved 1048576K
}
Event: 10.366 GC heap before
{Heap before GC invocations=89 (full 2):
 PSYoungGen      total 10240K, used 10199K [0x00000000eab00000, 0x00000000eb800000, 0x0000000100000000)
  eden space 8704K, 100% used [0x00000000eab00000,0x00000000eb380000,0x00000000eb380000)
  from space 1536K, 97% used [0x00000000eb580000,0x00000000eb6f5da8,0x00000000eb700000)
  to   space 2048K, 0% used [0x00000000eb380000,0x00000000eb380000,0x00000000eb580000)
 ParOldGen       total 194048K, used 193921K [0x00000000c0000000, 0x00000000cbd80000, 0x00000000eab00000)
  object space 194048K, 99% used [0x00000000c0000000,0x00000000cbd60788,0x00000000cbd80000)
 Metaspace       used 52101K, committed 53376K, reserved 1114112K
  class space    used 5506K, committed 6080K, reserved 1048576K
}
Event: 10.463 GC heap after
{Heap after GC invocations=89 (full 2):
 PSYoungGen      total 10752K, used 2034K [0x00000000eab00000, 0x00000000ebb80000, 0x0000000100000000)
  eden space 8704K, 0% used [0x00000000eab00000,0x00000000eab00000,0x00000000eb380000)
  from space 2048K, 99% used [0x00000000eb380000,0x00000000eb57c800,0x00000000eb580000)
  to   space 4096K, 0% used [0x00000000eb780000,0x00000000eb780000,0x00000000ebb80000)
 ParOldGen       total 195584K, used 195198K [0x00000000c0000000, 0x00000000cbf00000, 0x00000000eab00000)
  object space 195584K, 99% used [0x00000000c0000000,0x00000000cbe9fac8,0x00000000cbf00000)
 Metaspace       used 52101K, committed 53376K, reserved 1114112K
  class space    used 5506K, committed 6080K, reserved 1048576K
}

